<?xml version="1.0" encoding="UTF-8"?>
<testng-results skipped="0" failed="0" total="2" passed="2">
  <reporter-output>
  </reporter-output>
  <suite name="Suite" duration-ms="40461" started-at="2017-07-05T05:40:08Z" finished-at="2017-07-05T05:40:48Z">
    <groups>
    </groups>
    <test name="Test" duration-ms="40461" started-at="2017-07-05T05:40:08Z" finished-at="2017-07-05T05:40:48Z">
      <class name="testCases.Login">
        <test-method status="PASS" signature="preSetUpSuite()[pri:0, instance:testCases.Login@c86b9e3]" name="preSetUpSuite" is-config="true" duration-ms="350" started-at="2017-07-04T22:40:07Z" finished-at="2017-07-04T22:40:08Z">
          <reporter-output>
          </reporter-output>
        </test-method> <!-- preSetUpSuite -->
        <test-method status="PASS" signature="setUp(java.lang.String)[pri:0, instance:testCases.Login@c86b9e3]" name="setUp" is-config="true" duration-ms="17666" started-at="2017-07-04T22:40:08Z" finished-at="2017-07-04T22:40:25Z">
          <params>
            <param index="0">
              <value>
                <![CDATA[Firefox]]>
              </value>
            </param>
          </params>
          <reporter-output>
          </reporter-output>
        </test-method> <!-- setUp -->
        <test-method status="PASS" signature="loginToTheApplication()[pri:0, instance:testCases.Login@c86b9e3]" name="loginToTheApplication" duration-ms="3396" started-at="2017-07-04T22:40:25Z" finished-at="2017-07-04T22:40:29Z">
          <reporter-output>
          </reporter-output>
        </test-method> <!-- loginToTheApplication -->
        <test-method status="PASS" signature="verifyLogin()[pri:0, instance:testCases.Login@c86b9e3]" name="verifyLogin" duration-ms="3611" started-at="2017-07-04T22:40:29Z" depends-on-methods="testCases.Login.loginToTheApplication" finished-at="2017-07-04T22:40:33Z">
          <reporter-output>
          </reporter-output>
        </test-method> <!-- verifyLogin -->
        <test-method status="PASS" signature="closeApplication()[pri:0, instance:testCases.Login@c86b9e3]" name="closeApplication" is-config="true" duration-ms="15753" started-at="2017-07-04T22:40:33Z" finished-at="2017-07-04T22:40:48Z">
          <reporter-output>
          </reporter-output>
        </test-method> <!-- closeApplication -->
        <test-method status="PASS" signature="tearDown()[pri:0, instance:testCases.Login@c86b9e3]" name="tearDown" is-config="true" duration-ms="2882" started-at="2017-07-04T22:40:48Z" finished-at="2017-07-04T22:40:51Z">
          <reporter-output>
          </reporter-output>
        </test-method> <!-- tearDown -->
      </class> <!-- testCases.Login -->
    </test> <!-- Test -->
  </suite> <!-- Suite -->
</testng-results>
